2025-04-01T07:53:04.992+03:00  INFO 21956 --- [demo] [main] com.example.demo.DemoApplication         : Starting DemoApplication using Java 17.0.10 with PID 21956 (C:\Users\DESKTOP\Desktop\E-Commerce\demo\build\classes\java\main started by DESKTOP in C:\Users\DESKTOP\Desktop\E-Commerce\demo)
2025-04-01T07:53:04.998+03:00 DEBUG 21956 --- [demo] [main] com.example.demo.DemoApplication         : Running with Spring Boot v3.4.4, Spring v6.2.5
2025-04-01T07:53:04.999+03:00  INFO 21956 --- [demo] [main] com.example.demo.DemoApplication         : No active profile set, falling back to 1 default profile: "default"
2025-04-01T07:53:05.630+03:00  INFO 21956 --- [demo] [main] .s.d.r.c.RepositoryConfigurationDelegate : Bootstrapping Spring Data JPA repositories in DEFAULT mode.
2025-04-01T07:53:05.704+03:00  INFO 21956 --- [demo] [main] .s.d.r.c.RepositoryConfigurationDelegate : Finished Spring Data repository scanning in 63 ms. Found 5 JPA repository interfaces.
2025-04-01T07:53:06.485+03:00  INFO 21956 --- [demo] [main] o.s.b.w.embedded.tomcat.TomcatWebServer  : Tomcat initialized with port 8080 (http)
2025-04-01T07:53:06.497+03:00  INFO 21956 --- [demo] [main] o.apache.catalina.core.StandardService   : Starting service [Tomcat]
2025-04-01T07:53:06.497+03:00  INFO 21956 --- [demo] [main] o.apache.catalina.core.StandardEngine    : Starting Servlet engine: [Apache Tomcat/10.1.39]
2025-04-01T07:53:06.552+03:00  INFO 21956 --- [demo] [main] o.a.c.c.C.[Tomcat].[localhost].[/]       : Initializing Spring embedded WebApplicationContext
2025-04-01T07:53:06.553+03:00  INFO 21956 --- [demo] [main] w.s.c.ServletWebServerApplicationContext : Root WebApplicationContext: initialization completed in 1512 ms
2025-04-01T07:53:06.599+03:00 DEBUG 21956 --- [demo] [main] com.example.demo.filters.JwtAuthFilter   : Filter 'jwtAuthFilter' configured for use
2025-04-01T07:53:06.704+03:00  INFO 21956 --- [demo] [main] o.hibernate.jpa.internal.util.LogHelper  : HHH000204: Processing PersistenceUnitInfo [name: default]
2025-04-01T07:53:06.780+03:00  INFO 21956 --- [demo] [main] org.hibernate.Version                    : HHH000412: Hibernate ORM core version 6.6.11.Final
2025-04-01T07:53:06.829+03:00  INFO 21956 --- [demo] [main] o.h.c.internal.RegionFactoryInitiator    : HHH000026: Second-level cache disabled
2025-04-01T07:53:07.139+03:00  INFO 21956 --- [demo] [main] o.s.o.j.p.SpringPersistenceUnitInfo      : No LoadTimeWeaver setup: ignoring JPA class transformer
2025-04-01T07:53:07.175+03:00  INFO 21956 --- [demo] [main] com.zaxxer.hikari.HikariDataSource       : HikariPool-1 - Starting...
2025-04-01T07:53:07.367+03:00  INFO 21956 --- [demo] [main] com.zaxxer.hikari.pool.HikariPool        : HikariPool-1 - Added connection org.postgresql.jdbc.PgConnection@19faedcc
2025-04-01T07:53:07.369+03:00  INFO 21956 --- [demo] [main] com.zaxxer.hikari.HikariDataSource       : HikariPool-1 - Start completed.
2025-04-01T07:53:07.423+03:00  WARN 21956 --- [demo] [main] org.hibernate.orm.deprecation            : HHH90000025: PostgreSQLDialect does not need to be specified explicitly using 'hibernate.dialect' (remove the property setting and it will be selected by default)
2025-04-01T07:53:07.440+03:00  INFO 21956 --- [demo] [main] org.hibernate.orm.connections.pooling    : HHH10001005: Database info:
	Database JDBC URL [Connecting through datasource 'HikariDataSource (HikariPool-1)']
	Database driver: undefined/unknown
	Database version: 17.0
	Autocommit mode: undefined/unknown
	Isolation level: undefined/unknown
	Minimum pool size: undefined/unknown
	Maximum pool size: undefined/unknown
2025-04-01T07:53:08.283+03:00  INFO 21956 --- [demo] [main] o.h.e.t.j.p.i.JtaPlatformInitiator       : HHH000489: No JTA platform available (set 'hibernate.transaction.jta.platform' to enable JTA platform integration)
2025-04-01T07:53:08.531+03:00  INFO 21956 --- [demo] [main] j.LocalContainerEntityManagerFactoryBean : Initialized JPA EntityManagerFactory for persistence unit 'default'
2025-04-01T07:53:08.866+03:00  INFO 21956 --- [demo] [main] o.s.d.j.r.query.QueryEnhancerFactory     : Hibernate is in classpath; If applicable, HQL parser will be used.
2025-04-01T07:53:09.505+03:00  WARN 21956 --- [demo] [main] JpaBaseConfiguration$JpaWebConfiguration : spring.jpa.open-in-view is enabled by default. Therefore, database queries may be performed during view rendering. Explicitly configure spring.jpa.open-in-view to disable this warning
2025-04-01T07:53:10.055+03:00  INFO 21956 --- [demo] [main] o.s.b.w.embedded.tomcat.TomcatWebServer  : Tomcat started on port 8080 (http) with context path '/'
2025-04-01T07:53:10.064+03:00  INFO 21956 --- [demo] [main] com.example.demo.DemoApplication         : Started DemoApplication in 5.447 seconds (process running for 5.698)
2025-04-01T08:03:42.539+03:00  INFO 21956 --- [demo] [http-nio-8080-exec-2] o.a.c.c.C.[Tomcat].[localhost].[/]       : Initializing Spring DispatcherServlet 'dispatcherServlet'
2025-04-01T08:03:42.539+03:00  INFO 21956 --- [demo] [http-nio-8080-exec-2] o.s.web.servlet.DispatcherServlet        : Initializing Servlet 'dispatcherServlet'
2025-04-01T08:03:42.541+03:00  INFO 21956 --- [demo] [http-nio-8080-exec-2] o.s.web.servlet.DispatcherServlet        : Completed initialization in 1 ms
